<?xml version="1.0" encoding="UTF-8"?>
<testsuite xmlns:xsi="http://www.w3.org/2001/XMLSchema-instance" xsi:noNamespaceSchemaLocation="https://maven.apache.org/surefire/maven-surefire-plugin/xsd/surefire-test-report.xsd" name="SecondTestClass" time="0.029" tests="3" errors="0" skipped="0" failures="0">
  <properties>
[...]
</properties>
  <testcase name="thirdTest" classname="SecondTestClass" time="0.017"/>
  <testcase name="fTest" classname="SecondTestClass" time="0.001"/>
  <testcase name="thirdTestsssss" classname="SecondTestClass" time="0"/>
</testsuite>